#nodes: 15
REC 2
RES 1

ASAP Schedule
0 1 
2 6 13 
7 14 56 
3 58 
4 8 
9 
11 
12 


ALAP Schedule
0 
6 
2 7 
56 58 
3 8 
4 9 
1 11 13 
12 14 


Mobility Schedule
0 1 
1 2 6 13 
1 2 7 13 14 56 
1 3 13 14 56 58 
1 3 4 8 13 14 
1 4 9 13 14 
1 11 13 14 
12 14 

II: 2
nit 8/2= 4.0= 4
KMS
[(0, 0), (0, 1), (1, 1), (1, 2), (1, 7), (1, 13), (1, 14), (1, 56), (2, 1), (2, 3), (2, 4), (2, 8), (2, 13), (2, 14), (3, 1), (3, 11), (3, 13), (3, 14)]
[(0, 1), (0, 2), (0, 6), (0, 13), (1, 1), (1, 3), (1, 13), (1, 14), (1, 56), (1, 58), (2, 1), (2, 4), (2, 9), (2, 13), (2, 14), (3, 12), (3, 14)]
Adding C1...
Time: 1.452364444732666
Adding C2...
Time: 0.45151185989379883
Adding C3...
[0, 13]
[0, 6]
[0, 2]
[1, 12]
[2, 56]
[3, 4]
[4, 11]
[6, 7]
[7, 58]
[8, 9]
[9, 11]
[11, 12]
[13, 14]
[56, 3]
[58, 8]
Adding back...
[12, 1]
[13, 0]
Time: 0.15886878967285156
SAT
Node 8 on PE 5 at time 0 of it 2
Node 2 on PE 3 at time 1 of it 0
Node 1 on PE 10 at time 0 of it 3
Node 14 on PE 5 at time 1 of it 1
Node 13 on PE 1 at time 1 of it 0
Node 4 on PE 13 at time 1 of it 2
Node 58 on PE 4 at time 1 of it 1
Node 12 on PE 14 at time 1 of it 3
Node 9 on PE 9 at time 1 of it 2
Node 6 on PE 0 at time 1 of it 0
Node 7 on PE 4 at time 0 of it 1
Node 11 on PE 13 at time 0 of it 3
Node 3 on PE 12 at time 0 of it 2
Node 0 on PE 0 at time 0 of it 0
Node 56 on PE 15 at time 1 of it 1
Kernel
[ 8 1 7 11 3 0 ]
[ 2 14 13 4 58 12 9 6 56 ]
Schedule
[0]
[2, 13, 6]
[7]
[14, 58, 56]
[8, 3]
[4, 9]
[1, 11]
[12]
Time: 0.09843850135803223



PKE
t: 0     0 
t: 1     2 13 6 
t: 2     7 0 
t: 3     14 58 56 2 13 6 
t: 4     8 3 7 0 
t: 5     4 9 14 58 56 2 13 6 
t: 6     8 1 7 11 3 0 
t: 7     2 14 13 4 58 12 9 6 56 
t: 8     7 8 3 1 11 
t: 9     14 58 56 4 9 12 
t: 10     8 3 1 11 
t: 11     4 9 12 
t: 12     1 11 
t: 13     12 


**************


Interference graphs : 11
Colors needed: 0
Colors needed: 0
Colors needed: 0
Colors needed: 0
Colors needed: 0
Colors needed: 0
Colors needed: 0
Colors needed: 0
Colors needed: 0
Colors needed: 0
Colors needed: 0
#Nodes: 0
#Nodes: 0
#Nodes: 0
#Nodes: 0
#Nodes: 0
#Nodes: 0
#Nodes: 0
#Nodes: 0
#Nodes: 0
#Nodes: 0
#Nodes: 0


**************




**************


init_len:  2
prolog_len:  6
kernel_len:  2
epilog_len:  6
fini_len:  1


**************




**************


Init: 0 - 1
Prolog: 2 - 7
Kernel: 8 - 9
Epilog: 10 - 15
Fini: 16 - 16


**************


Number of br instructions  4
Loop length should be = Loop lengh -  4

If loop length is not know at runtime
running the code could produce wrong results
if a br in the prologue gets hit



******************************************************

   BR location in the prologue must be set manually  

******************************************************

T = 0
NOP
SADD ROUT, ZERO, 0
NOP
LWD R0
LWD R0
LWD R0
NOP
NOP
NOP
NOP
NOP
NOP
LWD R0
NOP
SADD ROUT, ZERO, 0
NOP
T = 1
NOP
NOP
NOP
NOP
NOP
LWD R1
NOP
NOP
NOP
NOP
NOP
NOP
NOP
NOP
NOP
NOP
T = 2
SADD ROUT, RCR, ZERO
NOP
NOP
NOP
NOP
NOP
NOP
NOP
NOP
NOP
NOP
NOP
NOP
NOP
NOP
NOP
T = 3
SLT ROUT, ROUT, 2
SADD ROUT, RCL, 1
NOP
SADD ROUT, RCR, R0
NOP
NOP
NOP
NOP
NOP
NOP
NOP
NOP
NOP
NOP
NOP
NOP
T = 4
SADD ROUT, RCR, ZERO
NOP
NOP
NOP
SADD ROUT, RCT, R0
NOP
NOP
NOP
NOP
NOP
NOP
NOP
NOP
NOP
NOP
NOP
T = 5
SLT ROUT, ROUT, 2
SADD ROUT, RCL, 1
NOP
SADD ROUT, RCR, R0
SMUL ROUT, ROUT, 4
BEQ RCT, R1, -1
NOP
NOP
NOP
NOP
NOP
NOP
NOP
NOP
NOP
SMUL ROUT, RCB, 4
T = 6
SADD ROUT, RCR, ZERO
NOP
NOP
NOP
SADD ROUT, RCT, R0
SADD ROUT, R0, RCL
NOP
NOP
NOP
NOP
NOP
NOP
SADD ROUT, R0, RCL
NOP
NOP
NOP
T = 7
SLT ROUT, ROUT, 2
SADD ROUT, RCL, 1
NOP
SADD ROUT, RCR, R0
SMUL ROUT, ROUT, 4
BEQ RCT, R1, -1
NOP
NOP
NOP
LWI ROUT, RCT
NOP
NOP
NOP
LWI ROUT, RCL
NOP
SMUL ROUT, RCB, 4
T = 8
SADD ROUT, RCR, ZERO
NOP
NOP
NOP
SADD ROUT, RCT, R0
SADD ROUT, R0, RCL
NOP
NOP
NOP
NOP
SADD ROUT, RCB, ZERO
NOP
SADD ROUT, R0, RCL
SMUL ROUT, RCT, ROUT
NOP
NOP
T = 9
SLT ROUT, ROUT, 2
SADD ROUT, RCL, 1
NOP
SADD ROUT, RCR, R0
SMUL ROUT, ROUT, 4
BNE RCT, R1, 8
NOP
NOP
NOP
LWI ROUT, RCT
NOP
NOP
NOP
LWI ROUT, RCL
SADD ROUT, RCL, RCT
SMUL ROUT, RCB, 4
T = 10
NOP
NOP
NOP
NOP
SADD ROUT, RCT, R0
SADD ROUT, R0, RCL
NOP
NOP
NOP
NOP
SADD ROUT, RCB, ZERO
NOP
SADD ROUT, R0, RCL
SMUL ROUT, RCT, ROUT
NOP
NOP
T = 11
NOP
NOP
NOP
NOP
SMUL ROUT, ROUT, 4
BEQ RCT, R1, 12
NOP
NOP
NOP
LWI ROUT, RCT
NOP
NOP
NOP
LWI ROUT, RCL
SADD ROUT, RCL, RCT
SMUL ROUT, RCB, 4
T = 12
NOP
NOP
NOP
NOP
NOP
SADD ROUT, R0, RCL
NOP
NOP
NOP
NOP
SADD ROUT, RCB, ZERO
NOP
SADD ROUT, R0, RCL
SMUL ROUT, RCT, ROUT
NOP
NOP
T = 13
NOP
NOP
NOP
NOP
NOP
NOP
NOP
NOP
NOP
LWI ROUT, RCT
NOP
NOP
NOP
LWI ROUT, RCL
SADD ROUT, RCL, RCT
NOP
T = 14
NOP
NOP
NOP
NOP
NOP
NOP
NOP
NOP
NOP
NOP
SADD ROUT, RCB, ZERO
NOP
NOP
SMUL ROUT, RCT, ROUT
NOP
NOP
T = 15
NOP
NOP
NOP
NOP
NOP
NOP
NOP
NOP
NOP
NOP
NOP
NOP
NOP
NOP
SADD ROUT, RCL, RCT
NOP
T = 16
NOP
NOP
NOP
NOP
NOP
NOP
NOP
NOP
NOP
NOP
NOP
NOP
NOP
NOP
SWD ROUT
NOP
T = 17
EXIT
NOP
NOP
NOP
NOP
NOP
NOP
NOP
NOP
NOP
NOP
NOP
NOP
NOP
NOP
NOP
T = 0
 _ _ _ _ _ _ _ _ _ _ _ _ _ _ _ _ _ _ _ _ _ 
|  |NOP|  ||  |SADD|  ||  |NOP|  ||  |LWD|  |
|- - - - - - - - - - - - - - - - - - - - - 
|  |LWD|  ||  |LWD|  ||  |NOP|  ||  |NOP|  |
|- - - - - - - - - - - - - - - - - - - - - 
|  |NOP|  ||  |NOP|  ||  |NOP|  ||  |NOP|  |
|- - - - - - - - - - - - - - - - - - - - - 
|  |LWD|  ||  |NOP|  ||  |SADD|  ||  |NOP|  |
 - - - - - - - - - - - - - - - - - - - -- -

T = 1
 _ _ _ _ _ _ _ _ _ _ _ _ _ _ _ _ _ _ _ _ _ 
|  |NOP|  ||  |NOP|  ||  |NOP|  ||  |NOP|  |
|- - - - - - - - - - - - - - - - - - - - - 
|  |NOP|  ||  |LWD|  ||  |NOP|  ||  |NOP|  |
|- - - - - - - - - - - - - - - - - - - - - 
|  |NOP|  ||  |NOP|  ||  |NOP|  ||  |NOP|  |
|- - - - - - - - - - - - - - - - - - - - - 
|  |NOP|  ||  |NOP|  ||  |NOP|  ||  |NOP|  |
 - - - - - - - - - - - - - - - - - - - -- -

T = 2
 _ _ _ _ _ _ _ _ _ _ _ _ _ _ _ _ _ _ _ _ _ 
|  |MV|  ||  |NOP|  ||  |NOP|  ||  |NOP|  |
|- - - - - - - - - - - - - - - - - - - - - 
|  |NOP|  ||  |NOP|  ||  |NOP|  ||  |NOP|  |
|- - - - - - - - - - - - - - - - - - - - - 
|  |NOP|  ||  |NOP|  ||  |NOP|  ||  |NOP|  |
|- - - - - - - - - - - - - - - - - - - - - 
|  |NOP|  ||  |NOP|  ||  |NOP|  ||  |NOP|  |
 - - - - - - - - - - - - - - - - - - - -- -

T = 3
 _ _ _ _ _ _ _ _ _ _ _ _ _ _ _ _ _ _ _ _ _ 
|  |SLT|  ||  |SADD|  ||  |NOP|  ||  |SADD|  |
|- - - - - - - - - - - - - - - - - - - - - 
|  |NOP|  ||  |NOP|  ||  |NOP|  ||  |NOP|  |
|- - - - - - - - - - - - - - - - - - - - - 
|  |NOP|  ||  |NOP|  ||  |NOP|  ||  |NOP|  |
|- - - - - - - - - - - - - - - - - - - - - 
|  |NOP|  ||  |NOP|  ||  |NOP|  ||  |NOP|  |
 - - - - - - - - - - - - - - - - - - - -- -

T = 4
 _ _ _ _ _ _ _ _ _ _ _ _ _ _ _ _ _ _ _ _ _ 
|  |MV|  ||  |NOP|  ||  |NOP|  ||  |NOP|  |
|- - - - - - - - - - - - - - - - - - - - - 
|  |SADD|  ||  |NOP|  ||  |NOP|  ||  |NOP|  |
|- - - - - - - - - - - - - - - - - - - - - 
|  |NOP|  ||  |NOP|  ||  |NOP|  ||  |NOP|  |
|- - - - - - - - - - - - - - - - - - - - - 
|  |NOP|  ||  |NOP|  ||  |NOP|  ||  |NOP|  |
 - - - - - - - - - - - - - - - - - - - -- -

T = 5
 _ _ _ _ _ _ _ _ _ _ _ _ _ _ _ _ _ _ _ _ _ 
|  |SLT|  ||  |SADD|  ||  |NOP|  ||  |SADD|  |
|- - - - - - - - - - - - - - - - - - - - - 
|  |SMUL|  ||  |BEQ|  ||  |NOP|  ||  |NOP|  |
|- - - - - - - - - - - - - - - - - - - - - 
|  |NOP|  ||  |NOP|  ||  |NOP|  ||  |NOP|  |
|- - - - - - - - - - - - - - - - - - - - - 
|  |NOP|  ||  |NOP|  ||  |NOP|  ||  |SMUL|  |
 - - - - - - - - - - - - - - - - - - - -- -

T = 6
 _ _ _ _ _ _ _ _ _ _ _ _ _ _ _ _ _ _ _ _ _ 
|  |MV|  ||  |NOP|  ||  |NOP|  ||  |NOP|  |
|- - - - - - - - - - - - - - - - - - - - - 
|  |SADD|  ||  |SADD|  ||  |NOP|  ||  |NOP|  |
|- - - - - - - - - - - - - - - - - - - - - 
|  |NOP|  ||  |NOP|  ||  |NOP|  ||  |NOP|  |
|- - - - - - - - - - - - - - - - - - - - - 
|  |SADD|  ||  |NOP|  ||  |NOP|  ||  |NOP|  |
 - - - - - - - - - - - - - - - - - - - -- -

T = 7
 _ _ _ _ _ _ _ _ _ _ _ _ _ _ _ _ _ _ _ _ _ 
|  |SLT|  ||  |SADD|  ||  |NOP|  ||  |SADD|  |
|- - - - - - - - - - - - - - - - - - - - - 
|  |SMUL|  ||  |BEQ|  ||  |NOP|  ||  |NOP|  |
|- - - - - - - - - - - - - - - - - - - - - 
|  |NOP|  ||  |LWI|  ||  |NOP|  ||  |NOP|  |
|- - - - - - - - - - - - - - - - - - - - - 
|  |NOP|  ||  |LWI|  ||  |NOP|  ||  |SMUL|  |
 - - - - - - - - - - - - - - - - - - - -- -

T = 8
 _ _ _ _ _ _ _ _ _ _ _ _ _ _ _ _ _ _ _ _ _ 
|  |MV|  ||  |NOP|  ||  |NOP|  ||  |NOP|  |
|- - - - - - - - - - - - - - - - - - - - - 
|  |SADD|  ||  |SADD|  ||  |NOP|  ||  |NOP|  |
|- - - - - - - - - - - - - - - - - - - - - 
|  |NOP|  ||  |NOP|  ||  |MV|  ||  |NOP|  |
|- - - - - - - - - - - - - - - - - - - - - 
|  |SADD|  ||  |SMUL|  ||  |NOP|  ||  |NOP|  |
 - - - - - - - - - - - - - - - - - - - -- -

T = 9
 _ _ _ _ _ _ _ _ _ _ _ _ _ _ _ _ _ _ _ _ _ 
|  |SLT|  ||  |SADD|  ||  |NOP|  ||  |SADD|  |
|- - - - - - - - - - - - - - - - - - - - - 
|  |SMUL|  ||  |BNE|  ||  |NOP|  ||  |NOP|  |
|- - - - - - - - - - - - - - - - - - - - - 
|  |NOP|  ||  |LWI|  ||  |NOP|  ||  |NOP|  |
|- - - - - - - - - - - - - - - - - - - - - 
|  |NOP|  ||  |LWI|  ||  |SADD|  ||  |SMUL|  |
 - - - - - - - - - - - - - - - - - - - -- -

T = 10
 _ _ _ _ _ _ _ _ _ _ _ _ _ _ _ _ _ _ _ _ _ 
|  |NOP|  ||  |NOP|  ||  |NOP|  ||  |NOP|  |
|- - - - - - - - - - - - - - - - - - - - - 
|  |SADD|  ||  |SADD|  ||  |NOP|  ||  |NOP|  |
|- - - - - - - - - - - - - - - - - - - - - 
|  |NOP|  ||  |NOP|  ||  |MV|  ||  |NOP|  |
|- - - - - - - - - - - - - - - - - - - - - 
|  |SADD|  ||  |SMUL|  ||  |NOP|  ||  |NOP|  |
 - - - - - - - - - - - - - - - - - - - -- -

T = 11
 _ _ _ _ _ _ _ _ _ _ _ _ _ _ _ _ _ _ _ _ _ 
|  |NOP|  ||  |NOP|  ||  |NOP|  ||  |NOP|  |
|- - - - - - - - - - - - - - - - - - - - - 
|  |SMUL|  ||  |BEQ|  ||  |NOP|  ||  |NOP|  |
|- - - - - - - - - - - - - - - - - - - - - 
|  |NOP|  ||  |LWI|  ||  |NOP|  ||  |NOP|  |
|- - - - - - - - - - - - - - - - - - - - - 
|  |NOP|  ||  |LWI|  ||  |SADD|  ||  |SMUL|  |
 - - - - - - - - - - - - - - - - - - - -- -

T = 12
 _ _ _ _ _ _ _ _ _ _ _ _ _ _ _ _ _ _ _ _ _ 
|  |NOP|  ||  |NOP|  ||  |NOP|  ||  |NOP|  |
|- - - - - - - - - - - - - - - - - - - - - 
|  |NOP|  ||  |SADD|  ||  |NOP|  ||  |NOP|  |
|- - - - - - - - - - - - - - - - - - - - - 
|  |NOP|  ||  |NOP|  ||  |MV|  ||  |NOP|  |
|- - - - - - - - - - - - - - - - - - - - - 
|  |SADD|  ||  |SMUL|  ||  |NOP|  ||  |NOP|  |
 - - - - - - - - - - - - - - - - - - - -- -

T = 13
 _ _ _ _ _ _ _ _ _ _ _ _ _ _ _ _ _ _ _ _ _ 
|  |NOP|  ||  |NOP|  ||  |NOP|  ||  |NOP|  |
|- - - - - - - - - - - - - - - - - - - - - 
|  |NOP|  ||  |NOP|  ||  |NOP|  ||  |NOP|  |
|- - - - - - - - - - - - - - - - - - - - - 
|  |NOP|  ||  |LWI|  ||  |NOP|  ||  |NOP|  |
|- - - - - - - - - - - - - - - - - - - - - 
|  |NOP|  ||  |LWI|  ||  |SADD|  ||  |NOP|  |
 - - - - - - - - - - - - - - - - - - - -- -

T = 14
 _ _ _ _ _ _ _ _ _ _ _ _ _ _ _ _ _ _ _ _ _ 
|  |NOP|  ||  |NOP|  ||  |NOP|  ||  |NOP|  |
|- - - - - - - - - - - - - - - - - - - - - 
|  |NOP|  ||  |NOP|  ||  |NOP|  ||  |NOP|  |
|- - - - - - - - - - - - - - - - - - - - - 
|  |NOP|  ||  |NOP|  ||  |MV|  ||  |NOP|  |
|- - - - - - - - - - - - - - - - - - - - - 
|  |NOP|  ||  |SMUL|  ||  |NOP|  ||  |NOP|  |
 - - - - - - - - - - - - - - - - - - - -- -

T = 15
 _ _ _ _ _ _ _ _ _ _ _ _ _ _ _ _ _ _ _ _ _ 
|  |NOP|  ||  |NOP|  ||  |NOP|  ||  |NOP|  |
|- - - - - - - - - - - - - - - - - - - - - 
|  |NOP|  ||  |NOP|  ||  |NOP|  ||  |NOP|  |
|- - - - - - - - - - - - - - - - - - - - - 
|  |NOP|  ||  |NOP|  ||  |NOP|  ||  |NOP|  |
|- - - - - - - - - - - - - - - - - - - - - 
|  |NOP|  ||  |NOP|  ||  |SADD|  ||  |NOP|  |
 - - - - - - - - - - - - - - - - - - - -- -

T = 16
 _ _ _ _ _ _ _ _ _ _ _ _ _ _ _ _ _ _ _ _ _ 
|  |NOP|  ||  |NOP|  ||  |NOP|  ||  |NOP|  |
|- - - - - - - - - - - - - - - - - - - - - 
|  |NOP|  ||  |NOP|  ||  |NOP|  ||  |NOP|  |
|- - - - - - - - - - - - - - - - - - - - - 
|  |NOP|  ||  |NOP|  ||  |NOP|  ||  |NOP|  |
|- - - - - - - - - - - - - - - - - - - - - 
|  |NOP|  ||  |NOP|  ||  |SWD|  ||  |NOP|  |
 - - - - - - - - - - - - - - - - - - - -- -

T = 17
 _ _ _ _ _ _ _ _ _ _ _ _ _ _ _ _ _ _ _ _ _ 
|  |EXIT|  ||  |NOP|  ||  |NOP|  ||  |NOP|  |
|- - - - - - - - - - - - - - - - - - - - - 
|  |NOP|  ||  |NOP|  ||  |NOP|  ||  |NOP|  |
|- - - - - - - - - - - - - - - - - - - - - 
|  |NOP|  ||  |NOP|  ||  |NOP|  ||  |NOP|  |
|- - - - - - - - - - - - - - - - - - - - - 
|  |NOP|  ||  |NOP|  ||  |NOP|  ||  |NOP|  |
 - - - - - - - - - - - - - - - - - - - -- -

Output of the mapping with node id
T = 0
 _ _ _ _ _ _ _ _ _ _ _ _ _ _ _ _ _ _ _ _ _ 
|  | -1 |  ||  | 26 |  ||  | -1 |  ||  | 41 |  |
|- - - - - - - - - - - - - - - - - - - - - 
|  | 43 |  ||  | 44 |  ||  | -1 |  ||  | -1 |  |
|- - - - - - - - - - - - - - - - - - - - - 
|  | -1 |  ||  | -1 |  ||  | -1 |  ||  | -1 |  |
|- - - - - - - - - - - - - - - - - - - - - 
|  | 42 |  ||  | -1 |  ||  | 27 |  ||  | -1 |  |
 - - - - - - - - - - - - - - - - - - - -- -

T = 1
 _ _ _ _ _ _ _ _ _ _ _ _ _ _ _ _ _ _ _ _ _ 
|  | -1 |  ||  | -1 |  ||  | -1 |  ||  | -1 |  |
|- - - - - - - - - - - - - - - - - - - - - 
|  | -1 |  ||  | 30 |  ||  | -1 |  ||  | -1 |  |
|- - - - - - - - - - - - - - - - - - - - - 
|  | -1 |  ||  | -1 |  ||  | -1 |  ||  | -1 |  |
|- - - - - - - - - - - - - - - - - - - - - 
|  | -1 |  ||  | -1 |  ||  | -1 |  ||  | -1 |  |
 - - - - - - - - - - - - - - - - - - - -- -

T = 2
 _ _ _ _ _ _ _ _ _ _ _ _ _ _ _ _ _ _ _ _ _ 
|  | 0 |  ||  | -1 |  ||  | -1 |  ||  | -1 |  |
|- - - - - - - - - - - - - - - - - - - - - 
|  | -1 |  ||  | -1 |  ||  | -1 |  ||  | -1 |  |
|- - - - - - - - - - - - - - - - - - - - - 
|  | -1 |  ||  | -1 |  ||  | -1 |  ||  | -1 |  |
|- - - - - - - - - - - - - - - - - - - - - 
|  | -1 |  ||  | -1 |  ||  | -1 |  ||  | -1 |  |
 - - - - - - - - - - - - - - - - - - - -- -

T = 3
 _ _ _ _ _ _ _ _ _ _ _ _ _ _ _ _ _ _ _ _ _ 
|  | 6 |  ||  | 13 |  ||  | -1 |  ||  | 2 |  |
|- - - - - - - - - - - - - - - - - - - - - 
|  | -1 |  ||  | -1 |  ||  | -1 |  ||  | -1 |  |
|- - - - - - - - - - - - - - - - - - - - - 
|  | -1 |  ||  | -1 |  ||  | -1 |  ||  | -1 |  |
|- - - - - - - - - - - - - - - - - - - - - 
|  | -1 |  ||  | -1 |  ||  | -1 |  ||  | -1 |  |
 - - - - - - - - - - - - - - - - - - - -- -

T = 4
 _ _ _ _ _ _ _ _ _ _ _ _ _ _ _ _ _ _ _ _ _ 
|  | 0 |  ||  | -1 |  ||  | -1 |  ||  | -1 |  |
|- - - - - - - - - - - - - - - - - - - - - 
|  | 7 |  ||  | -1 |  ||  | -1 |  ||  | -1 |  |
|- - - - - - - - - - - - - - - - - - - - - 
|  | -1 |  ||  | -1 |  ||  | -1 |  ||  | -1 |  |
|- - - - - - - - - - - - - - - - - - - - - 
|  | -1 |  ||  | -1 |  ||  | -1 |  ||  | -1 |  |
 - - - - - - - - - - - - - - - - - - - -- -

T = 5
 _ _ _ _ _ _ _ _ _ _ _ _ _ _ _ _ _ _ _ _ _ 
|  | 6 |  ||  | 13 |  ||  | -1 |  ||  | 2 |  |
|- - - - - - - - - - - - - - - - - - - - - 
|  | 58 |  ||  | 14 |  ||  | -1 |  ||  | -1 |  |
|- - - - - - - - - - - - - - - - - - - - - 
|  | -1 |  ||  | -1 |  ||  | -1 |  ||  | -1 |  |
|- - - - - - - - - - - - - - - - - - - - - 
|  | -1 |  ||  | -1 |  ||  | -1 |  ||  | 56 |  |
 - - - - - - - - - - - - - - - - - - - -- -

T = 6
 _ _ _ _ _ _ _ _ _ _ _ _ _ _ _ _ _ _ _ _ _ 
|  | 0 |  ||  | -1 |  ||  | -1 |  ||  | -1 |  |
|- - - - - - - - - - - - - - - - - - - - - 
|  | 7 |  ||  | 8 |  ||  | -1 |  ||  | -1 |  |
|- - - - - - - - - - - - - - - - - - - - - 
|  | -1 |  ||  | -1 |  ||  | -1 |  ||  | -1 |  |
|- - - - - - - - - - - - - - - - - - - - - 
|  | 3 |  ||  | -1 |  ||  | -1 |  ||  | -1 |  |
 - - - - - - - - - - - - - - - - - - - -- -

T = 7
 _ _ _ _ _ _ _ _ _ _ _ _ _ _ _ _ _ _ _ _ _ 
|  | 6 |  ||  | 13 |  ||  | -1 |  ||  | 2 |  |
|- - - - - - - - - - - - - - - - - - - - - 
|  | 58 |  ||  | 14 |  ||  | -1 |  ||  | -1 |  |
|- - - - - - - - - - - - - - - - - - - - - 
|  | -1 |  ||  | 9 |  ||  | -1 |  ||  | -1 |  |
|- - - - - - - - - - - - - - - - - - - - - 
|  | -1 |  ||  | 4 |  ||  | -1 |  ||  | 56 |  |
 - - - - - - - - - - - - - - - - - - - -- -

T = 8
 _ _ _ _ _ _ _ _ _ _ _ _ _ _ _ _ _ _ _ _ _ 
|  | 0 |  ||  | -1 |  ||  | -1 |  ||  | -1 |  |
|- - - - - - - - - - - - - - - - - - - - - 
|  | 7 |  ||  | 8 |  ||  | -1 |  ||  | -1 |  |
|- - - - - - - - - - - - - - - - - - - - - 
|  | -1 |  ||  | -1 |  ||  | 1 |  ||  | -1 |  |
|- - - - - - - - - - - - - - - - - - - - - 
|  | 3 |  ||  | 11 |  ||  | -1 |  ||  | -1 |  |
 - - - - - - - - - - - - - - - - - - - -- -

T = 9
 _ _ _ _ _ _ _ _ _ _ _ _ _ _ _ _ _ _ _ _ _ 
|  | 6 |  ||  | 13 |  ||  | -1 |  ||  | 2 |  |
|- - - - - - - - - - - - - - - - - - - - - 
|  | 58 |  ||  | 14 |  ||  | -1 |  ||  | -1 |  |
|- - - - - - - - - - - - - - - - - - - - - 
|  | -1 |  ||  | 9 |  ||  | -1 |  ||  | -1 |  |
|- - - - - - - - - - - - - - - - - - - - - 
|  | -1 |  ||  | 4 |  ||  | 12 |  ||  | 56 |  |
 - - - - - - - - - - - - - - - - - - - -- -

T = 10
 _ _ _ _ _ _ _ _ _ _ _ _ _ _ _ _ _ _ _ _ _ 
|  | -1 |  ||  | -1 |  ||  | -1 |  ||  | -1 |  |
|- - - - - - - - - - - - - - - - - - - - - 
|  | 7 |  ||  | 8 |  ||  | -1 |  ||  | -1 |  |
|- - - - - - - - - - - - - - - - - - - - - 
|  | -1 |  ||  | -1 |  ||  | 1 |  ||  | -1 |  |
|- - - - - - - - - - - - - - - - - - - - - 
|  | 3 |  ||  | 11 |  ||  | -1 |  ||  | -1 |  |
 - - - - - - - - - - - - - - - - - - - -- -

T = 11
 _ _ _ _ _ _ _ _ _ _ _ _ _ _ _ _ _ _ _ _ _ 
|  | -1 |  ||  | -1 |  ||  | -1 |  ||  | -1 |  |
|- - - - - - - - - - - - - - - - - - - - - 
|  | 58 |  ||  | 14 |  ||  | -1 |  ||  | -1 |  |
|- - - - - - - - - - - - - - - - - - - - - 
|  | -1 |  ||  | 9 |  ||  | -1 |  ||  | -1 |  |
|- - - - - - - - - - - - - - - - - - - - - 
|  | -1 |  ||  | 4 |  ||  | 12 |  ||  | 56 |  |
 - - - - - - - - - - - - - - - - - - - -- -

T = 12
 _ _ _ _ _ _ _ _ _ _ _ _ _ _ _ _ _ _ _ _ _ 
|  | -1 |  ||  | -1 |  ||  | -1 |  ||  | -1 |  |
|- - - - - - - - - - - - - - - - - - - - - 
|  | -1 |  ||  | 8 |  ||  | -1 |  ||  | -1 |  |
|- - - - - - - - - - - - - - - - - - - - - 
|  | -1 |  ||  | -1 |  ||  | 1 |  ||  | -1 |  |
|- - - - - - - - - - - - - - - - - - - - - 
|  | 3 |  ||  | 11 |  ||  | -1 |  ||  | -1 |  |
 - - - - - - - - - - - - - - - - - - - -- -

T = 13
 _ _ _ _ _ _ _ _ _ _ _ _ _ _ _ _ _ _ _ _ _ 
|  | -1 |  ||  | -1 |  ||  | -1 |  ||  | -1 |  |
|- - - - - - - - - - - - - - - - - - - - - 
|  | -1 |  ||  | -1 |  ||  | -1 |  ||  | -1 |  |
|- - - - - - - - - - - - - - - - - - - - - 
|  | -1 |  ||  | 9 |  ||  | -1 |  ||  | -1 |  |
|- - - - - - - - - - - - - - - - - - - - - 
|  | -1 |  ||  | 4 |  ||  | 12 |  ||  | -1 |  |
 - - - - - - - - - - - - - - - - - - - -- -

T = 14
 _ _ _ _ _ _ _ _ _ _ _ _ _ _ _ _ _ _ _ _ _ 
|  | -1 |  ||  | -1 |  ||  | -1 |  ||  | -1 |  |
|- - - - - - - - - - - - - - - - - - - - - 
|  | -1 |  ||  | -1 |  ||  | -1 |  ||  | -1 |  |
|- - - - - - - - - - - - - - - - - - - - - 
|  | -1 |  ||  | -1 |  ||  | 1 |  ||  | -1 |  |
|- - - - - - - - - - - - - - - - - - - - - 
|  | -1 |  ||  | 11 |  ||  | -1 |  ||  | -1 |  |
 - - - - - - - - - - - - - - - - - - - -- -

T = 15
 _ _ _ _ _ _ _ _ _ _ _ _ _ _ _ _ _ _ _ _ _ 
|  | -1 |  ||  | -1 |  ||  | -1 |  ||  | -1 |  |
|- - - - - - - - - - - - - - - - - - - - - 
|  | -1 |  ||  | -1 |  ||  | -1 |  ||  | -1 |  |
|- - - - - - - - - - - - - - - - - - - - - 
|  | -1 |  ||  | -1 |  ||  | -1 |  ||  | -1 |  |
|- - - - - - - - - - - - - - - - - - - - - 
|  | -1 |  ||  | -1 |  ||  | 12 |  ||  | -1 |  |
 - - - - - - - - - - - - - - - - - - - -- -

T = 16
 _ _ _ _ _ _ _ _ _ _ _ _ _ _ _ _ _ _ _ _ _ 
|  | -1 |  ||  | -1 |  ||  | -1 |  ||  | -1 |  |
|- - - - - - - - - - - - - - - - - - - - - 
|  | -1 |  ||  | -1 |  ||  | -1 |  ||  | -1 |  |
|- - - - - - - - - - - - - - - - - - - - - 
|  | -1 |  ||  | -1 |  ||  | -1 |  ||  | -1 |  |
|- - - - - - - - - - - - - - - - - - - - - 
|  | -1 |  ||  | -1 |  ||  | 55 |  ||  | -1 |  |
 - - - - - - - - - - - - - - - - - - - -- -

T = 17
 _ _ _ _ _ _ _ _ _ _ _ _ _ _ _ _ _ _ _ _ _ 
|  | -1 |  ||  | -1 |  ||  | -1 |  ||  | -1 |  |
|- - - - - - - - - - - - - - - - - - - - - 
|  | -1 |  ||  | -1 |  ||  | -1 |  ||  | -1 |  |
|- - - - - - - - - - - - - - - - - - - - - 
|  | -1 |  ||  | -1 |  ||  | -1 |  ||  | -1 |  |
|- - - - - - - - - - - - - - - - - - - - - 
|  | -1 |  ||  | -1 |  ||  | -1 |  ||  | -1 |  |
 - - - - - - - - - - - - - - - - - - - -- -

Id: 8 name: add time: 0 pe: 5 Rout: ROUT opA: R0 opB: RCL immediate: 0

Id: 14 name: beq time: 1 pe: 5 Rout: ROUT opA: RCT opB: R1 immediate: 0

Id: 1 name: phi time: 0 pe: 10 Rout: ROUT opA:  opB: RCB immediate: 0

Id: 7 name: add time: 0 pe: 4 Rout: ROUT opA: RCT opB: R0 immediate: 0

Id: 58 name: mul time: 1 pe: 4 Rout: ROUT opA: ROUT opB:  immediate: 4

Id: 11 name: mul time: 0 pe: 13 Rout: ROUT opA: RCT opB: ROUT immediate: 0

Id: 4 name: load time: 1 pe: 13 Rout: ROUT opA: RCL opB: ROUT immediate: 0

Id: 3 name: add time: 0 pe: 12 Rout: ROUT opA: R0 opB: RCL immediate: 0

Id: 0 name: phi time: 0 pe: 0 Rout: ROUT opA:  opB: RCR immediate: 0

Id: 6 name: shl time: 1 pe: 0 Rout: ROUT opA: ROUT opB:  immediate: 2

Id: 2 name: add time: 1 pe: 3 Rout: ROUT opA: RCR opB: R0 immediate: 0

Id: 13 name: add time: 1 pe: 1 Rout: ROUT opA: RCL opB:  immediate: 1

Id: 12 name: add time: 1 pe: 14 Rout: ROUT opA: RCL opB: RCT immediate: 0

Id: 9 name: load time: 1 pe: 9 Rout: ROUT opA: RCT opB: ROUT immediate: 0

Id: 56 name: mul time: 1 pe: 15 Rout: ROUT opA: RCB opB:  immediate: 4

